[20260618-055052_mda-01-introduction_7273c7f73f] 01/10 math-translation-layer: pass
[20260618-055052_mda-01-introduction_7273c7f73f] 02/10 classify-documents: pass
[20260618-055052_mda-01-introduction_7273c7f73f] 03/10 plain-language: fail
[20260618-055052_mda-01-introduction_7273c7f73f] 04/10 claim-extraction: fail
[20260618-055052_mda-01-introduction_7273c7f73f] 05/10 claim-classification: pass
[20260618-055052_mda-01-introduction_7273c7f73f] 06/10 master-equation-canon: fail
[20260618-055052_mda-01-introduction_7273c7f73f] 07/10 fruits-spirit-canon: fail
[20260618-055052_mda-01-introduction_7273c7f73f] 08/10 sbert-embedder: fail
[20260618-055052_mda-01-introduction_7273c7f73f] 09/10 paper-intelligence-suite: pass
[20260618-055052_mda-01-introduction_7273c7f73f] 10/10 paper-proof-grader: pass
Done: mda-01-introduction.html -> status=fail stages=10
{
  "workflow": "paper-production",
  "run_time": "2026-06-18T06:13:33",
  "completed": 1,
  "results": [
    {
      "source": "D:\\GitHub\\faiththruphysics-site\\moral-decline\\mda-01-introduction.html",
      "run_id": "20260618-055052_mda-01-introduction_7273c7f73f",
      "status": "fail",
      "stage_count": 10
    }
  ]
}
